
sti_bugs: system execution failed.
Following is the set of recorded exceptions:

******************************** Thread exception *****************************
In thread           Root thread            0x0 (thread id)
*******************************************************************************
-------------------------------------------------------------------------------
Class / Object      Routine                Nature of exception           Effect
-------------------------------------------------------------------------------
SEPARATE_TWIN_BUG_DSCR
                    reproduce_separate_twin_bug @4
                                           a ~ b:
<00000000044C75E8>  (From SEPARATE_TWIN_BUG)
                                           Assertion violated.           Fail
-------------------------------------------------------------------------------
SEPARATE_TWIN_BUG_DSCR
                    reproduce_separate_twin_bug @4
<00000000044C75E8>  (From SEPARATE_TWIN_BUG)
                                           Routine failure.              Fail
-------------------------------------------------------------------------------
APPLICATION         reproduce_bugs @1                                   
<00000000044C75A8>                         Routine failure.              Fail
-------------------------------------------------------------------------------
APPLICATION         root's creation                                     
<00000000044C75A8>                         Routine failure.              Exit
-------------------------------------------------------------------------------

sti_bugs: system execution failed.
Following is the set of recorded exceptions:

******************************** Thread exception *****************************
In thread           Root thread            0x0 (thread id)
*******************************************************************************
-------------------------------------------------------------------------------
Class / Object      Routine                Nature of exception           Effect
-------------------------------------------------------------------------------
SEPARATE_TWIN_BUG_DSCR
                    object_twin_g @4       same_value:
<00000000048085A8>  (From SEPARATE_TWIN_BUG)
                                           Postcondition violated.       Fail
-------------------------------------------------------------------------------
SEPARATE_TWIN_BUG_DSCR
                    object_twin_g @4       
<00000000048085A8>  (From SEPARATE_TWIN_BUG)
                                           Routine failure.              Fail
-------------------------------------------------------------------------------
SEPARATE_TWIN_BUG_DSCR
                    reproduce_separate_twin_bug @3
<00000000048085A8>  (From SEPARATE_TWIN_BUG)
                                           Routine failure.              Fail
-------------------------------------------------------------------------------
APPLICATION         reproduce_bugs @1                                   
<0000000004808098>                         Routine failure.              Fail
-------------------------------------------------------------------------------
APPLICATION         root's creation                                     
<0000000004808098>                         Routine failure.              Exit
-------------------------------------------------------------------------------

sti_bugs: system execution failed.
Following is the set of recorded exceptions:

******************************** Thread exception *****************************
In thread           Root thread            0x0 (thread id)
*******************************************************************************
-------------------------------------------------------------------------------
Class / Object      Routine                Nature of exception           Effect
-------------------------------------------------------------------------------
SEPARATE_TWIN_BUG_DSCR
                    object_twin_g @4       same_value:
<0000000004A895A8>  (From SEPARATE_TWIN_BUG)
                                           Postcondition violated.       Fail
-------------------------------------------------------------------------------
SEPARATE_TWIN_BUG_DSCR
                    object_twin_g @4       
<0000000004A895A8>  (From SEPARATE_TWIN_BUG)
                                           Routine failure.              Fail
-------------------------------------------------------------------------------
SEPARATE_TWIN_BUG_DSCR
                    reproduce_separate_twin_bug @3
<0000000004A895A8>  (From SEPARATE_TWIN_BUG)
                                           Routine failure.              Fail
-------------------------------------------------------------------------------
APPLICATION         reproduce_bugs @1                                   
<0000000004A89098>                         Routine failure.              Fail
-------------------------------------------------------------------------------
APPLICATION         root's creation                                     
<0000000004A89098>                         Routine failure.              Exit
-------------------------------------------------------------------------------
