
st_implementation: system execution failed.
Following is the set of recorded exceptions:

******************************** Thread exception *****************************
In thread           Root thread            0x0 (thread id)
*******************************************************************************
-------------------------------------------------------------------------------
Class / Object      Routine                Nature of exception           Effect
-------------------------------------------------------------------------------
SEPARATE_HASH_BUG_DSCR
                    reproduce_separate_hash_bug @5
                                           o1.hash_code = o2.hash_code:
<0000000004BBA0F8>  (From SEPARATE_HASH_BUG)
                                           Assertion violated.           Fail
-------------------------------------------------------------------------------
SEPARATE_HASH_BUG_DSCR
                    reproduce_separate_hash_bug @5
<0000000004BBA0F8>  (From SEPARATE_HASH_BUG)
                                           Routine failure.              Fail
-------------------------------------------------------------------------------
BUGS                reproduce_bugs @2                                   
<0000000004BBA098>                         Routine failure.              Fail
-------------------------------------------------------------------------------
BUGS                root's creation                                     
<0000000004BBA098>                         Routine failure.              Exit
-------------------------------------------------------------------------------

st_implementation: system execution failed.
Following is the set of recorded exceptions:

******************************** Thread exception *****************************
In thread           Root thread            0x0 (thread id)
*******************************************************************************
-------------------------------------------------------------------------------
Class / Object      Routine                Nature of exception           Effect
-------------------------------------------------------------------------------
SEPARATE_OUT_BUG_DSCR
                    reproduce_separate_out_bug @5
                                           s1.hash_code = s2.hash_code:
<00000000047B0628>  (From SEPARATE_OUT_BUG)
                                           Assertion violated.           Fail
-------------------------------------------------------------------------------
SEPARATE_OUT_BUG_DSCR
                    reproduce_separate_out_bug @5
<00000000047B0628>  (From SEPARATE_OUT_BUG)
                                           Routine failure.              Fail
-------------------------------------------------------------------------------
BUGS                reproduce_bugs @2                                   
<00000000047B05E8>                         Routine failure.              Fail
-------------------------------------------------------------------------------
BUGS                root's creation                                     
<00000000047B05E8>                         Routine failure.              Exit
-------------------------------------------------------------------------------

st_implementation: system execution failed.
Following is the set of recorded exceptions:

******************************** Thread exception *****************************
In thread           Root thread            0x0 (thread id)
*******************************************************************************
-------------------------------------------------------------------------------
Class / Object      Routine                Nature of exception           Effect
-------------------------------------------------------------------------------
OBJECT_EQUALITY_TESTS_DSCR
                    on_prepare @2          OBJECT_EQUALITY_PROPERTIES:
<00000000047D0BE8>  (From ELEMENT_TESTS)   Create on deferred.           Fail
-------------------------------------------------------------------------------
OBJECT_EQUALITY_TESTS_DSCR
                    on_prepare @2          
<00000000047D0BE8>  (From ELEMENT_TESTS)   Routine failure.              Fail
-------------------------------------------------------------------------------
OBJECT_EQUALITY_TESTS_DSCR
                    on_prepare @1          
<00000000047D0BE8>  (From UNARY_TESTS)     Routine failure.              Fail
-------------------------------------------------------------------------------
OBJECT_EQUALITY_TESTS_DSCR
                    default_create @16     
<00000000047D0BE8>  (From EQA_TEST_SET)    Routine failure.              Fail
-------------------------------------------------------------------------------
APPLICATION         test_all @4                                         
<0000000004760098>                         Routine failure.              Fail
-------------------------------------------------------------------------------
APPLICATION         root's creation                                     
<0000000004760098>                         Routine failure.              Exit
-------------------------------------------------------------------------------
